#
# There is insufficient memory for the Java Runtime Environment to continue.
# Native memory allocation (malloc) failed to allocate 75216 bytes for Chunk::new
# Possible reasons:
#   The system is out of physical RAM or swap space
#   In 32 bit mode, the process size limit was hit
# Possible solutions:
#   Reduce memory load on the system
#   Increase physical memory or swap space
#   Check if swap backing store is full
#   Use 64 bit Java on a 64 bit OS
#   Decrease Java heap size (-Xmx/-Xms)
#   Decrease number of Java threads
#   Decrease Java thread stack sizes (-Xss)
#   Set larger code cache with -XX:ReservedCodeCacheSize=
# This output file may be truncated or incomplete.
#
#  Out of Memory Error (allocation.cpp:390), pid=8736, tid=0x00000000000027d8
#
# JRE version: Java(TM) SE Runtime Environment (8.0_92-b14) (build 1.8.0_92-b14)
# Java VM: Java HotSpot(TM) 64-Bit Server VM (25.92-b14 mixed mode windows-amd64 compressed oops)
# Failed to write core dump. Minidumps are not enabled by default on client versions of Windows
#

---------------  T H R E A D  ---------------

Current thread (0x000000001d5d9800):  JavaThread "C2 CompilerThread0" daemon [_thread_in_native, id=10200, stack(0x000000001e190000,0x000000001e290000)]

Stack: [0x000000001e190000,0x000000001e290000]
[error occurred during error reporting (printing stack bounds), id 0xc0000005]

Native frames: (J=compiled Java code, j=interpreted, Vv=VM code, C=native code)


Current CompileTask:
C2:  12471 3939       4       java.lang.String::getBytes (27 bytes)


---------------  P R O C E S S  ---------------

Java Threads: ( => current thread )
  0x00000000212e0800 JavaThread "qtp1457499015-23" [_thread_blocked, id=14660, stack(0x0000000023310000,0x0000000023410000)]
  0x00000000212df800 JavaThread "qtp1457499015-22" [_thread_blocked, id=19108, stack(0x00000000231a0000,0x00000000232a0000)]
  0x00000000212df000 JavaThread "qtp1457499015-21" [_thread_blocked, id=14996, stack(0x0000000022f20000,0x0000000023020000)]
  0x00000000212de000 JavaThread "qtp1457499015-20" [_thread_in_native, id=6268, stack(0x00000000219e0000,0x0000000021ae0000)]
  0x00000000212dd800 JavaThread "qtp1457499015-19" [_thread_blocked, id=7704, stack(0x0000000022de0000,0x0000000022ee0000)]
  0x00000000212dc800 JavaThread "qtp1457499015-18" [_thread_blocked, id=10248, stack(0x0000000021740000,0x0000000021840000)]
  0x00000000212dc000 JavaThread "qtp1457499015-17" [_thread_in_native, id=10288, stack(0x0000000021880000,0x0000000021980000)]
  0x00000000212db000 JavaThread "qtp1457499015-16" [_thread_blocked, id=7628, stack(0x0000000021620000,0x0000000021720000)]
  0x000000001d660800 JavaThread "Service Thread" daemon [_thread_blocked, id=19016, stack(0x000000001e3b0000,0x000000001e4b0000)]
  0x000000001d5d0800 JavaThread "C1 CompilerThread2" daemon [_thread_in_native, id=18984, stack(0x000000001e2a0000,0x000000001e3a0000)]
  0x000000001d5d0000 JavaThread "C2 CompilerThread1" daemon [_thread_in_native, id=17432, stack(0x000000001dc30000,0x000000001dd30000)]
=>0x000000001d5d9800 JavaThread "C2 CompilerThread0" daemon [_thread_in_native, id=10200, stack(0x000000001e190000,0x000000001e290000)]
  0x000000001d5c2800 JavaThread "JDWP Command Reader" daemon [_thread_in_native, id=844, stack(0x000000001dfb0000,0x000000001e0b0000)]
  0x000000001d5bf800 JavaThread "JDWP Event Helper Thread" daemon [_thread_blocked, id=19308, stack(0x000000001de70000,0x000000001df70000)]
  0x000000001d5b1800 JavaThread "JDWP Transport Listener: dt_socket" daemon [_thread_blocked, id=11988, stack(0x000000001dd70000,0x000000001de70000)]
  0x000000001c1de800 JavaThread "Attach Listener" daemon [_thread_blocked, id=4956, stack(0x000000001da90000,0x000000001db90000)]
  0x000000001c1cf000 JavaThread "Signal Dispatcher" daemon [_thread_blocked, id=11172, stack(0x000000001d320000,0x000000001d420000)]
  0x000000001c1b9800 JavaThread "Finalizer" daemon [_thread_blocked, id=5700, stack(0x000000001d490000,0x000000001d590000)]
  0x000000001c172800 JavaThread "Reference Handler" daemon [_thread_blocked, id=19164, stack(0x000000001d1e0000,0x000000001d2e0000)]
  0x0000000002538000 JavaThread "main" [_thread_blocked, id=11128, stack(0x0000000002970000,0x0000000002a70000)]

Other Threads:
  0x000000001c16b000 VMThread [stack: 0x000000001cfb0000,0x000000001d0b0000] [id=19376]
  0x000000001d69c800 WatcherThread [stack: 0x000000001e550000,0x000000001e650000] [id=4580]

VM state:not at safepoint (normal execution)

VM Mutex/Monitor currently owned by a thread:  ([mutex/lock_event])
[0x00000000026de960] MethodData_lock - owner thread: 0x0000000000000000

Heap:
 PSYoungGen      total 274944K, used 177357K [0x000000076b580000, 0x000000077d080000, 0x00000007c0000000)
  eden space 260096K, 68% used [0x000000076b580000,0x00000007762b34d0,0x000000077b380000)
  from space 14848K, 0% used [0x000000077b380000,0x000000077b380000,0x000000077c200000)
  to   space 14336K, 0% used [0x000000077c280000,0x000000077c280000,0x000000077d080000)
 ParOldGen       total 99840K, used 14678K [0x00000006c2000000, 0x00000006c8180000, 0x000000076b580000)
  object space 99840K, 14% used [0x00000006c2000000,0x00000006c2e55be8,0x00000006c8180000)
 Metaspace       used 21077K, capacity 21528K, committed 21760K, reserved 1069056K
  class space    used 2405K, capacity 2553K, committed 2560K, reserved 1048576K

Card table byte_map: [0x0000000011e30000,0x0000000012630000] byte_map_base: 0x000000000e820000

Marking Bits: (ParMarkBitMap*) 0x0000000062b964f0
 Begin Bits: [0x00000000130f0000, 0x0000000017070000)
 End Bits:   [0x0000000017070000, 0x000000001aff0000)

Polling page: 0x0000000000330000

CodeCache: size=245760Kb used=12968Kb max_used=13091Kb free=232791Kb
 bounds [0x0000000002a70000, 0x00000000037b0000, 0x0000000011a70000]
 total_blobs=3782 nmethods=3434 adapters=268
 compilation: enabled

Compilation events (10 events):
Event: 12.395 Thread 0x000000001d5d0000 nmethod 3931 0x0000000002d7ac90 code [0x0000000002d7adc0, 0x0000000002d7ae18]
Event: 12.395 Thread 0x000000001d5d0000 3935       4       java.nio.charset.CharsetEncoder::<init> (113 bytes)
Event: 12.404 Thread 0x000000001d5d0000 nmethod 3935 0x00000000030ad2d0 code [0x00000000030ad440, 0x00000000030adb58]
Event: 12.404 Thread 0x000000001d5d0000 3932       4       java.util.zip.ZipInputStream::readEnd (510 bytes)
Event: 12.426 Thread 0x000000001d5d9800 nmethod 3928 0x0000000003113210 code [0x00000000031134a0, 0x0000000003116870]
Event: 12.426 Thread 0x000000001d5d9800 3942  s    4       java.util.jar.JarFile::getInputStream (89 bytes)
Event: 12.448 Thread 0x000000001d5d9800 nmethod 3942 0x0000000002ff9c10 code [0x0000000002ff9dc0, 0x0000000002ffa7c0]
Event: 12.448 Thread 0x000000001d5d9800 3939       4       java.lang.String::getBytes (27 bytes)
Event: 12.456 Thread 0x000000001d5d0000 nmethod 3932 0x0000000002d3d090 code [0x0000000002d3d280, 0x0000000002d3eef8]
Event: 12.456 Thread 0x000000001d5d0000 3940   !   4       java.lang.StringCoding$StringEncoder::encode (179 bytes)

GC Heap History (10 events):
Event: 8.116 GC heap before
{Heap before GC invocations=4 (full 0):
 PSYoungGen      total 75776K, used 75752K [0x000000076b580000, 0x0000000774980000, 0x00000007c0000000)
  eden space 65024K, 100% used [0x000000076b580000,0x000000076f500000,0x000000076f500000)
  from space 10752K, 99% used [0x000000076f500000,0x000000076ff7a060,0x000000076ff80000)
  to   space 10752K, 0% used [0x0000000773f00000,0x0000000773f00000,0x0000000774980000)
 ParOldGen       total 173568K, used 1938K [0x00000006c2000000, 0x00000006cc980000, 0x000000076b580000)
  object space 173568K, 1% used [0x00000006c2000000,0x00000006c21e4ab8,0x00000006cc980000)
 Metaspace       used 20151K, capacity 20594K, committed 20992K, reserved 1067008K
  class space    used 2314K, capacity 2455K, committed 2560K, reserved 1048576K
Event: 8.224 GC heap after
Heap after GC invocations=4 (full 0):
 PSYoungGen      total 140800K, used 10744K [0x000000076b580000, 0x0000000774980000, 0x00000007c0000000)
  eden space 130048K, 0% used [0x000000076b580000,0x000000076b580000,0x0000000773480000)
  from space 10752K, 99% used [0x0000000773f00000,0x000000077497e040,0x0000000774980000)
  to   space 10752K, 0% used [0x0000000773480000,0x0000000773480000,0x0000000773f00000)
 ParOldGen       total 173568K, used 6255K [0x00000006c2000000, 0x00000006cc980000, 0x000000076b580000)
  object space 173568K, 3% used [0x00000006c2000000,0x00000006c261bfa8,0x00000006cc980000)
 Metaspace       used 20151K, capacity 20594K, committed 20992K, reserved 1067008K
  class space    used 2314K, capacity 2455K, committed 2560K, reserved 1048576K
}
Event: 9.146 GC heap before
{Heap before GC invocations=5 (full 0):
 PSYoungGen      total 140800K, used 140792K [0x000000076b580000, 0x0000000774980000, 0x00000007c0000000)
  eden space 130048K, 100% used [0x000000076b580000,0x0000000773480000,0x0000000773480000)
  from space 10752K, 99% used [0x0000000773f00000,0x000000077497e040,0x0000000774980000)
  to   space 10752K, 0% used [0x0000000773480000,0x0000000773480000,0x0000000773f00000)
 ParOldGen       total 173568K, used 6255K [0x00000006c2000000, 0x00000006cc980000, 0x000000076b580000)
  object space 173568K, 3% used [0x00000006c2000000,0x00000006c261bfa8,0x00000006cc980000)
 Metaspace       used 20174K, capacity 20594K, committed 20992K, reserved 1067008K
  class space    used 2314K, capacity 2455K, committed 2560K, reserved 1048576K
Event: 9.179 GC heap after
Heap after GC invocations=5 (full 0):
 PSYoungGen      total 140800K, used 10728K [0x000000076b580000, 0x000000077d180000, 0x00000007c0000000)
  eden space 130048K, 0% used [0x000000076b580000,0x000000076b580000,0x0000000773480000)
  from space 10752K, 99% used [0x0000000773480000,0x0000000773efa070,0x0000000773f00000)
  to   space 15360K, 0% used [0x000000077c280000,0x000000077c280000,0x000000077d180000)
 ParOldGen       total 173568K, used 7903K [0x00000006c2000000, 0x00000006cc980000, 0x000000076b580000)
  object space 173568K, 4% used [0x00000006c2000000,0x00000006c27b7fa8,0x00000006cc980000)
 Metaspace       used 20174K, capacity 20594K, committed 20992K, reserved 1067008K
  class space    used 2314K, capacity 2455K, committed 2560K, reserved 1048576K
}
Event: 9.573 GC heap before
{Heap before GC invocations=6 (full 0):
 PSYoungGen      total 140800K, used 140776K [0x000000076b580000, 0x000000077d180000, 0x00000007c0000000)
  eden space 130048K, 100% used [0x000000076b580000,0x0000000773480000,0x0000000773480000)
  from space 10752K, 99% used [0x0000000773480000,0x0000000773efa070,0x0000000773f00000)
  to   space 15360K, 0% used [0x000000077c280000,0x000000077c280000,0x000000077d180000)
 ParOldGen       total 173568K, used 7903K [0x00000006c2000000, 0x00000006cc980000, 0x000000076b580000)
  object space 173568K, 4% used [0x00000006c2000000,0x00000006c27b7fa8,0x00000006cc980000)
 Metaspace       used 20177K, capacity 20594K, committed 20992K, reserved 1067008K
  class space    used 2314K, capacity 2455K, committed 2560K, reserved 1048576K
Event: 9.598 GC heap after
Heap after GC invocations=6 (full 0):
 PSYoungGen      total 274432K, used 11072K [0x000000076b580000, 0x000000077d080000, 0x00000007c0000000)
  eden space 260096K, 0% used [0x000000076b580000,0x000000076b580000,0x000000077b380000)
  from space 14336K, 77% used [0x000000077c280000,0x000000077cd50060,0x000000077d080000)
  to   space 14848K, 0% used [0x000000077b380000,0x000000077b380000,0x000000077c200000)
 ParOldGen       total 173568K, used 7903K [0x00000006c2000000, 0x00000006cc980000, 0x000000076b580000)
  object space 173568K, 4% used [0x00000006c2000000,0x00000006c27b7fa8,0x00000006cc980000)
 Metaspace       used 20177K, capacity 20594K, committed 20992K, reserved 1067008K
  class space    used 2314K, capacity 2455K, committed 2560K, reserved 1048576K
}
Event: 10.194 GC heap before
{Heap before GC invocations=7 (full 0):
 PSYoungGen      total 274432K, used 161063K [0x000000076b580000, 0x000000077d080000, 0x00000007c0000000)
  eden space 260096K, 57% used [0x000000076b580000,0x00000007747f9f40,0x000000077b380000)
  from space 14336K, 77% used [0x000000077c280000,0x000000077cd50060,0x000000077d080000)
  to   space 14848K, 0% used [0x000000077b380000,0x000000077b380000,0x000000077c200000)
 ParOldGen       total 173568K, used 7903K [0x00000006c2000000, 0x00000006cc980000, 0x000000076b580000)
  object space 173568K, 4% used [0x00000006c2000000,0x00000006c27b7fa8,0x00000006cc980000)
 Metaspace       used 20699K, capacity 21112K, committed 21248K, reserved 1069056K
  class space    used 2374K, capacity 2521K, committed 2560K, reserved 1048576K
Event: 10.227 GC heap after
Heap after GC invocations=7 (full 0):
 PSYoungGen      total 274944K, used 6221K [0x000000076b580000, 0x000000077d080000, 0x00000007c0000000)
  eden space 260096K, 0% used [0x000000076b580000,0x000000076b580000,0x000000077b380000)
  from space 14848K, 41% used [0x000000077b380000,0x000000077b9935d8,0x000000077c200000)
  to   space 14336K, 0% used [0x000000077c280000,0x000000077c280000,0x000000077d080000)
 ParOldGen       total 173568K, used 14539K [0x00000006c2000000, 0x00000006cc980000, 0x000000076b580000)
  object space 173568K, 8% used [0x00000006c2000000,0x00000006c2e32de0,0x00000006cc980000)
 Metaspace       used 20699K, capacity 21112K, committed 21248K, reserved 1069056K
  class space    used 2374K, capacity 2521K, committed 2560K, reserved 1048576K
}
Event: 10.227 GC heap before
{Heap before GC invocations=8 (full 1):
 PSYoungGen      total 274944K, used 6221K [0x000000076b580000, 0x000000077d080000, 0x00000007c0000000)
  eden space 260096K, 0% used [0x000000076b580000,0x000000076b580000,0x000000077b380000)
  from space 14848K, 41% used [0x000000077b380000,0x000000077b9935d8,0x000000077c200000)
  to   space 14336K, 0% used [0x000000077c280000,0x000000077c280000,0x000000077d080000)
 ParOldGen       total 173568K, used 14539K [0x00000006c2000000, 0x00000006cc980000, 0x000000076b580000)
  object space 173568K, 8% used [0x00000006c2000000,0x00000006c2e32de0,0x00000006cc980000)
 Metaspace       used 20699K, capacity 21112K, committed 21248K, reserved 1069056K
  class space    used 2374K, capacity 2521K, committed 2560K, reserved 1048576K
Event: 10.335 GC heap after
Heap after GC invocations=8 (full 1):
 PSYoungGen      total 274944K, used 0K [0x000000076b580000, 0x000000077d080000, 0x00000007c0000000)
  eden space 260096K, 0% used [0x000000076b580000,0x000000076b580000,0x000000077b380000)
  from space 14848K, 0% used [0x000000077b380000,0x000000077b380000,0x000000077c200000)
  to   space 14336K, 0% used [0x000000077c280000,0x000000077c280000,0x000000077d080000)
 ParOldGen       total 99840K, used 14678K [0x00000006c2000000, 0x00000006c8180000, 0x000000076b580000)
  object space 99840K, 14% used [0x00000006c2000000,0x00000006c2e55be8,0x00000006c8180000)
 Metaspace       used 20699K, capacity 21112K, committed 21248K, reserved 1069056K
  class space    used 2374K, capacity 2521K, committed 2560K, reserved 1048576K
}

Deoptimization events (10 events):
Event: 9.987 Thread 0x0000000002538000 Uncommon trap: reason=bimorphic action=maybe_recompile pc=0x00000000034119f4 method=java.util.Hashtable.putAll(Ljava/util/Map;)V @ 1
Event: 9.992 Thread 0x0000000002538000 Uncommon trap: reason=unstable_if action=reinterpret pc=0x0000000002f5b828 method=java.lang.ClassLoader.checkName(Ljava/lang/String;)Z @ 20
Event: 9.992 Thread 0x0000000002538000 Uncommon trap: reason=unstable_if action=reinterpret pc=0x0000000002d8c30c method=java.lang.ClassLoader.checkName(Ljava/lang/String;)Z @ 20
Event: 10.097 Thread 0x0000000002538000 Uncommon trap: reason=bimorphic action=maybe_recompile pc=0x00000000034119f4 method=java.util.Hashtable.putAll(Ljava/util/Map;)V @ 1
Event: 10.136 Thread 0x0000000002538000 Uncommon trap: reason=unstable_if action=reinterpret pc=0x0000000002c57808 method=sun.misc.URLClassPath$JarLoader.getResource(Ljava/lang/String;Z)Lsun/misc/Resource; @ 62
Event: 10.159 Thread 0x0000000002538000 Uncommon trap: reason=unstable_if action=reinterpret pc=0x0000000002c40b48 method=java.util.HashMap.putVal(ILjava/lang/Object;Ljava/lang/Object;ZZ)Ljava/lang/Object; @ 193
Event: 10.440 Thread 0x00000000212e0800 Uncommon trap: reason=unstable_if action=reinterpret pc=0x0000000002fe9648 method=java.util.concurrent.ConcurrentHashMap.putVal(Ljava/lang/Object;Ljava/lang/Object;Z)Ljava/lang/Object; @ 113
Event: 10.443 Thread 0x00000000212e0800 Uncommon trap: reason=unstable_if action=reinterpret pc=0x0000000003635b88 method=java.util.concurrent.ConcurrentHashMap.get(Ljava/lang/Object;)Ljava/lang/Object; @ 86
Event: 10.549 Thread 0x00000000212dc000 Uncommon trap: reason=unstable_if action=reinterpret pc=0x0000000003029dc4 method=java.util.concurrent.ConcurrentHashMap.addCount(JI)V @ 34
Event: 12.132 Thread 0x00000000212df000 Uncommon trap: reason=unstable_if action=reinterpret pc=0x00000000033e2bc4 method=java.util.jar.Manifest$FastInputStream.readLine([BII)I @ 87

Internal exceptions (10 events):
Event: 10.081 Thread 0x0000000002538000 Exception <a 'java/lang/ClassNotFoundException': sun/net/www/protocol/c/Handler> (0x000000077433ce70) thrown at [D:\re\workspace\8-2-build-windows-amd64-cygwin\jdk8u92\6642\hotspot\src\share\vm\classfile\systemDictionary.cpp, line 210]
Event: 10.081 Thread 0x0000000002538000 Exception <a 'java/lang/ClassNotFoundException': sun/net/www/protocol/c/Handler> (0x000000077433f3b0) thrown at [D:\re\workspace\8-2-build-windows-amd64-cygwin\jdk8u92\6642\hotspot\src\share\vm\classfile\systemDictionary.cpp, line 210]
Event: 10.082 Thread 0x0000000002538000 Exception <a 'java/lang/ClassNotFoundException': sun/net/www/protocol/c/Handler> (0x0000000774341930) thrown at [D:\re\workspace\8-2-build-windows-amd64-cygwin\jdk8u92\6642\hotspot\src\share\vm\classfile\systemDictionary.cpp, line 210]
Event: 10.083 Thread 0x0000000002538000 Exception <a 'java/lang/ClassNotFoundException': sun/net/www/protocol/c/Handler> (0x0000000774343ba8) thrown at [D:\re\workspace\8-2-build-windows-amd64-cygwin\jdk8u92\6642\hotspot\src\share\vm\classfile\systemDictionary.cpp, line 210]
Event: 10.084 Thread 0x0000000002538000 Exception <a 'java/lang/ClassNotFoundException': sun/net/www/protocol/c/Handler> (0x0000000774345ca0) thrown at [D:\re\workspace\8-2-build-windows-amd64-cygwin\jdk8u92\6642\hotspot\src\share\vm\classfile\systemDictionary.cpp, line 210]
Event: 10.084 Thread 0x0000000002538000 Exception <a 'java/lang/ClassNotFoundException': sun/net/www/protocol/c/Handler> (0x0000000774347ea0) thrown at [D:\re\workspace\8-2-build-windows-amd64-cygwin\jdk8u92\6642\hotspot\src\share\vm\classfile\systemDictionary.cpp, line 210]
Event: 10.085 Thread 0x0000000002538000 Exception <a 'java/lang/ClassNotFoundException': sun/net/www/protocol/c/Handler> (0x000000077434a098) thrown at [D:\re\workspace\8-2-build-windows-amd64-cygwin\jdk8u92\6642\hotspot\src\share\vm\classfile\systemDictionary.cpp, line 210]
Event: 10.086 Thread 0x0000000002538000 Exception <a 'java/lang/ClassNotFoundException': sun/net/www/protocol/c/Handler> (0x000000077434c3a8) thrown at [D:\re\workspace\8-2-build-windows-amd64-cygwin\jdk8u92\6642\hotspot\src\share\vm\classfile\systemDictionary.cpp, line 210]
Event: 10.086 Thread 0x0000000002538000 Exception <a 'java/lang/ClassNotFoundException': sun/net/www/protocol/c/Handler> (0x000000077434e728) thrown at [D:\re\workspace\8-2-build-windows-amd64-cygwin\jdk8u92\6642\hotspot\src\share\vm\classfile\systemDictionary.cpp, line 210]
Event: 10.088 Thread 0x0000000002538000 Exception <a 'java/lang/ClassNotFoundException': sun/net/www/protocol/c/Handler> (0x0000000774350a28) thrown at [D:\re\workspace\8-2-build-windows-amd64-cygwin\jdk8u92\6642\hotspot\src\share\vm\classfile\systemDictionary.cpp, line 210]

Events (10 events):
Event: 10.549 Thread 0x00000000212dc000 DEOPT UNPACKING pc=0x0000000002ab582a sp=0x000000002197e978 mode 2
Event: 10.549 loading class java/util/concurrent/ThreadLocalRandom
Event: 10.550 loading class java/util/concurrent/ThreadLocalRandom done
Event: 10.636 Thread 0x00000000212dc000 DEOPT PACKING pc=0x0000000003161f1a sp=0x000000002197edc0
Event: 10.636 Thread 0x00000000212dc000 DEOPT UNPACKING pc=0x0000000002ab787f sp=0x000000002197eaf8 mode 0
Event: 12.132 Thread 0x00000000212df000 Uncommon trap: trap_request=0xffffff65 fr.pc=0x00000000033e2bc4
Event: 12.132 Thread 0x00000000212df000 DEOPT PACKING pc=0x00000000033e2bc4 sp=0x000000002301f0f0
Event: 12.132 Thread 0x00000000212df000 DEOPT UNPACKING pc=0x0000000002ab582a sp=0x000000002301f0a0 mode 2
Event: 12.260 loading class java/lang/ref/ReferenceQueue$1
Event: 12.260 loading class java/lang/ref/ReferenceQueue$1 done


Dynamic libraries:
0x000000013f050000 - 0x000000013f087000 	C:\Program Files\Java\jdk1.8.0_92\bin\java.exe
0x0000000076e40000 - 0x0000000076fea000 	C:\Windows\SYSTEM32\ntdll.dll
0x0000000076d20000 - 0x0000000076e3f000 	C:\Windows\system32\kernel32.dll
0x000007fefce40000 - 0x000007fefceaa000 	C:\Windows\system32\KERNELBASE.dll
0x000007fefee90000 - 0x000007fefef6b000 	C:\Windows\system32\ADVAPI32.dll
0x000007fefed00000 - 0x000007fefed9f000 	C:\Windows\system32\msvcrt.dll
0x000007fefe950000 - 0x000007fefe96f000 	C:\Windows\SYSTEM32\sechost.dll
0x000007fefd8e0000 - 0x000007fefda0d000 	C:\Windows\system32\RPCRT4.dll
0x0000000076c20000 - 0x0000000076d1a000 	C:\Windows\system32\USER32.dll
0x000007fefd790000 - 0x000007fefd7f7000 	C:\Windows\system32\GDI32.dll
0x000007fefd160000 - 0x000007fefd16e000 	C:\Windows\system32\LPK.dll
0x000007fefec30000 - 0x000007fefecfb000 	C:\Windows\system32\USP10.dll
0x000007fefb830000 - 0x000007fefba24000 	C:\Windows\WinSxS\amd64_microsoft.windows.common-controls_6595b64144ccf1df_6.0.7601.17514_none_fa396087175ac9ac\COMCTL32.dll
0x000007fefd1d0000 - 0x000007fefd241000 	C:\Windows\system32\SHLWAPI.dll
0x000007fefd170000 - 0x000007fefd19e000 	C:\Windows\system32\IMM32.DLL
0x000007fefe840000 - 0x000007fefe949000 	C:\Windows\system32\MSCTF.dll
0x0000000067190000 - 0x0000000067262000 	C:\Program Files\Java\jdk1.8.0_92\jre\bin\msvcr100.dll
0x0000000062380000 - 0x0000000062c16000 	C:\Program Files\Java\jdk1.8.0_92\jre\bin\server\jvm.dll
0x000007fef8b80000 - 0x000007fef8b89000 	C:\Windows\system32\WSOCK32.dll
0x000007fefeda0000 - 0x000007fefeded000 	C:\Windows\system32\WS2_32.dll
0x000007fefd1a0000 - 0x000007fefd1a8000 	C:\Windows\system32\NSI.dll
0x000007fefab40000 - 0x000007fefab7b000 	C:\Windows\system32\WINMM.dll
0x000007fefbec0000 - 0x000007fefbecc000 	C:\Windows\system32\VERSION.dll
0x0000000077000000 - 0x0000000077007000 	C:\Windows\system32\PSAPI.DLL
0x00000000707b0000 - 0x00000000707bf000 	C:\Program Files\Java\jdk1.8.0_92\jre\bin\verify.dll
0x0000000067160000 - 0x0000000067189000 	C:\Program Files\Java\jdk1.8.0_92\jre\bin\java.dll
0x0000000067120000 - 0x0000000067155000 	C:\Program Files\Java\jdk1.8.0_92\jre\bin\jdwp.dll
0x0000000067110000 - 0x0000000067118000 	C:\Program Files\Java\jdk1.8.0_92\jre\bin\npt.dll
0x00000000670f0000 - 0x0000000067106000 	C:\Program Files\Java\jdk1.8.0_92\jre\bin\zip.dll
0x000007fefda10000 - 0x000007fefe79b000 	C:\Windows\system32\SHELL32.dll
0x000007fefd250000 - 0x000007fefd453000 	C:\Windows\system32\ole32.dll
0x000007fefcd90000 - 0x000007fefcd9f000 	C:\Windows\system32\profapi.dll
0x00000000670e0000 - 0x00000000670e9000 	C:\Program Files\Java\jdk1.8.0_92\jre\bin\dt_socket.dll
0x000007fefc5d0000 - 0x000007fefc625000 	C:\Windows\system32\mswsock.dll
0x000007fefbf90000 - 0x000007fefbf97000 	C:\Windows\System32\wshtcpip.dll
0x00000000670c0000 - 0x00000000670da000 	C:\Program Files\Java\jdk1.8.0_92\jre\bin\net.dll
0x000007fefc5c0000 - 0x000007fefc5c7000 	C:\Windows\System32\wship6.dll
0x00000000670a0000 - 0x00000000670b1000 	C:\Program Files\Java\jdk1.8.0_92\jre\bin\nio.dll
0x0000000067090000 - 0x000000006709d000 	C:\Program Files\Java\jdk1.8.0_92\jre\bin\management.dll

VM Arguments:
jvm_args: -agentlib:jdwp=transport=dt_socket,address=127.0.0.1:59610,suspend=y,server=n -Dmaven.multiModuleProjectDirectory=E:\javaweb\roncoo-pay-dubbo\roncoo-pay-web-gateway -Dmaven.home=D:\IntelliJ IDEA2017.1\plugins\maven\lib\maven3 -Dclassworlds.conf=D:\IntelliJ IDEA2017.1\plugins\maven\lib\maven3\bin\m2.conf -Dfile.encoding=UTF-8 
java_command: org.codehaus.classworlds.Launcher -Didea.version=2017.1 jetty:run
java_class_path (initial): D:\IntelliJ IDEA2017.1\plugins\maven\lib\maven3\boot\plexus-classworlds-2.5.2.jar;D:\IntelliJ IDEA2017.1\lib\idea_rt.jar
Launcher Type: SUN_STANDARD

Environment Variables:
JAVA_HOME=C:\Program Files\Java\jdk1.8.0_92
CLASSPATH=.;C:\Program Files\Java\jdk1.8.0_92\lib\dt.jar;C:\Program Files\Java\jdk1.8.0_92\lib\tools.jar;
PATH=C:\ProgramData\Oracle\Java\javapath;C:\Windows\system32;C:\Windows;C:\Windows\System32\Wbem;C:\Windows\System32\WindowsPowerShell\v1.0\;C:\Program Files (x86)\Intel\OpenCL SDK\2.0\bin\x86;C:\Program Files (x86)\Intel\OpenCL SDK\2.0\bin\x64;D:\TortoiseGit\bin;D:\nodejs\;C:\Program Files\Java\jdk1.8.0_92\bin;D:\mysql-5.7\bin;D:\hadoop-2.6.1\bin;D:\Python36\Scripts\django-admin.exe;D:\Python36\Scripts\;D:\Python36\;C:\Users\chen\AppData\Roaming\npm
USERNAME=chen
OS=Windows_NT
PROCESSOR_IDENTIFIER=Intel64 Family 6 Model 42 Stepping 7, GenuineIntel



---------------  S Y S T E M  ---------------

OS: Windows 7 , 64 bit Build 7601 (6.1.7601.23807)

CPU:total 4 (2 cores per cpu, 2 threads per core) family 6 model 42 stepping 7, cmov, cx8, fxsr, mmx, sse, sse2, sse3, ssse3, sse4.1, sse4.2, popcnt, avx, aes, clmul, ht, tsc, tscinvbit

Memory: 4k page, physical 16640876k(6105112k free), swap 17687592k(5112k free)

vm_info: Java HotSpot(TM) 64-Bit Server VM (25.92-b14) for windows-amd64 JRE (1.8.0_92-b14), built on Mar 31 2016 21:03:04 by "java_re" with MS VC++ 10.0 (VS2010)

time: Sun Oct 15 14:10:08 2017
elapsed time: 12 seconds (0d 0h 0m 12s)

