#
# There is insufficient memory for the Java Runtime Environment to continue.
# Native memory allocation (malloc) failed to allocate 1531504 bytes for Chunk::new
# Possible reasons:
#   The system is out of physical RAM or swap space
#   In 32 bit mode, the process size limit was hit
# Possible solutions:
#   Reduce memory load on the system
#   Increase physical memory or swap space
#   Check if swap backing store is full
#   Use 64 bit Java on a 64 bit OS
#   Decrease Java heap size (-Xmx/-Xms)
#   Decrease number of Java threads
#   Decrease Java thread stack sizes (-Xss)
#   Set larger code cache with -XX:ReservedCodeCacheSize=
# This output file may be truncated or incomplete.
#
#  Out of Memory Error (allocation.cpp:390), pid=23160, tid=0x00000000000066a8
#
# JRE version: Java(TM) SE Runtime Environment (8.0_92-b14) (build 1.8.0_92-b14)
# Java VM: Java HotSpot(TM) 64-Bit Server VM (25.92-b14 mixed mode windows-amd64 compressed oops)
# Failed to write core dump. Minidumps are not enabled by default on client versions of Windows
#

---------------  T H R E A D  ---------------

Current thread (0x000000001d542800):  JavaThread "C2 CompilerThread0" daemon [_thread_in_native, id=26280, stack(0x000000001ddc0000,0x000000001dec0000)]

Stack: [0x000000001ddc0000,0x000000001dec0000]
[error occurred during error reporting (printing stack bounds), id 0xc0000005]

Native frames: (J=compiled Java code, j=interpreted, Vv=VM code, C=native code)


Current CompileTask:
C2:   3725 1727   !   4       java.net.URLClassLoader$1::run (63 bytes)


---------------  P R O C E S S  ---------------

Java Threads: ( => current thread )
  0x000000001d5a9800 JavaThread "Service Thread" daemon [_thread_blocked, id=28224, stack(0x000000001e310000,0x000000001e410000)]
  0x000000001d59f000 JavaThread "C1 CompilerThread2" daemon [_thread_blocked, id=28516, stack(0x000000001e1e0000,0x000000001e2e0000)]
  0x000000001d545800 JavaThread "C2 CompilerThread1" daemon [_thread_in_native, id=28428, stack(0x000000001df90000,0x000000001e090000)]
=>0x000000001d542800 JavaThread "C2 CompilerThread0" daemon [_thread_in_native, id=26280, stack(0x000000001ddc0000,0x000000001dec0000)]
  0x000000001d535000 JavaThread "Monitor Ctrl-Break" daemon [_thread_in_native, id=28256, stack(0x000000001dc80000,0x000000001dd80000)]
  0x000000001d50a800 JavaThread "Attach Listener" daemon [_thread_blocked, id=21344, stack(0x000000001d980000,0x000000001da80000)]
  0x000000001c159000 JavaThread "Signal Dispatcher" daemon [_thread_blocked, id=27956, stack(0x000000001dae0000,0x000000001dbe0000)]
  0x000000001c13a800 JavaThread "Finalizer" daemon [_thread_blocked, id=22828, stack(0x000000001d2f0000,0x000000001d3f0000)]
  0x000000001c0f3000 JavaThread "Reference Handler" daemon [_thread_blocked, id=22768, stack(0x000000001d400000,0x000000001d500000)]
  0x0000000002498000 JavaThread "main" [_thread_in_Java, id=15588, stack(0x00000000027c0000,0x00000000028c0000)]

Other Threads:
  0x000000001c0eb800 VMThread [stack: 0x000000001d130000,0x000000001d230000] [id=27892]
  0x000000001d60c000 WatcherThread [stack: 0x000000001e620000,0x000000001e720000] [id=27804]

VM state:not at safepoint (normal execution)

VM Mutex/Monitor currently owned by a thread: None

Heap:
 PSYoungGen      total 75776K, used 61821K [0x000000076b580000, 0x0000000770a00000, 0x00000007c0000000)
  eden space 65024K, 80% used [0x000000076b580000,0x000000076e8b7050,0x000000076f500000)
  from space 10752K, 87% used [0x000000076f500000,0x000000076fe28630,0x000000076ff80000)
  to   space 10752K, 0% used [0x000000076ff80000,0x000000076ff80000,0x0000000770a00000)
 ParOldGen       total 173568K, used 16K [0x00000006c2000000, 0x00000006cc980000, 0x000000076b580000)
  object space 173568K, 0% used [0x00000006c2000000,0x00000006c2004000,0x00000006cc980000)
 Metaspace       used 15366K, capacity 15692K, committed 15872K, reserved 1062912K
  class space    used 1872K, capacity 1976K, committed 2048K, reserved 1048576K

Card table byte_map: [0x0000000011c80000,0x0000000012480000] byte_map_base: 0x000000000e670000

Marking Bits: (ParMarkBitMap*) 0x00000000533264f0
 Begin Bits: [0x0000000013070000, 0x0000000016ff0000)
 End Bits:   [0x0000000016ff0000, 0x000000001af70000)

Polling page: 0x0000000000230000

CodeCache: size=245760Kb used=6657Kb max_used=6657Kb free=239102Kb
 bounds [0x00000000028c0000, 0x0000000002f50000, 0x00000000118c0000]
 total_blobs=2479 nmethods=2133 adapters=258
 compilation: enabled

Compilation events (10 events):
Event: 3.704 Thread 0x000000001d59f000 2154       2       org.apache.maven.model.RepositoryBase::setLocation (35 bytes)
Event: 3.705 Thread 0x000000001d59f000 nmethod 2154 0x0000000002f43910 code [0x0000000002f43a80, 0x0000000002f43cc8]
Event: 3.705 Thread 0x000000001d59f000 2155       1       org.apache.maven.model.RepositoryBase::getName (5 bytes)
Event: 3.705 Thread 0x000000001d59f000 nmethod 2155 0x0000000002f43dd0 code [0x0000000002f43f20, 0x0000000002f44030]
Event: 3.710 Thread 0x000000001d59f000 2156       2       java.util.Collections$SynchronizedCollection::iterator (10 bytes)
Event: 3.710 Thread 0x000000001d59f000 nmethod 2156 0x0000000002f44090 code [0x0000000002f44200, 0x0000000002f44388]
Event: 3.710 Thread 0x000000001d59f000 2157       2       java.util.Hashtable::access$100 (6 bytes)
Event: 3.710 Thread 0x000000001d59f000 nmethod 2157 0x0000000002f44410 code [0x0000000002f44580, 0x0000000002f44768]
Event: 3.710 Thread 0x000000001d59f000 2158       2       java.io.FileInputStream::read (8 bytes)
Event: 3.710 Thread 0x000000001d59f000 nmethod 2158 0x0000000002f44850 code [0x0000000002f449c0, 0x0000000002f44b28]

GC Heap History (2 events):
Event: 1.688 GC heap before
{Heap before GC invocations=1 (full 0):
 PSYoungGen      total 75776K, used 65024K [0x000000076b580000, 0x0000000770a00000, 0x00000007c0000000)
  eden space 65024K, 100% used [0x000000076b580000,0x000000076f500000,0x000000076f500000)
  from space 10752K, 0% used [0x000000076ff80000,0x000000076ff80000,0x0000000770a00000)
  to   space 10752K, 0% used [0x000000076f500000,0x000000076f500000,0x000000076ff80000)
 ParOldGen       total 173568K, used 0K [0x00000006c2000000, 0x00000006cc980000, 0x000000076b580000)
  object space 173568K, 0% used [0x00000006c2000000,0x00000006c2000000,0x00000006cc980000)
 Metaspace       used 11347K, capacity 11622K, committed 11776K, reserved 1058816K
  class space    used 1423K, capacity 1511K, committed 1536K, reserved 1048576K
Event: 1.700 GC heap after
Heap after GC invocations=1 (full 0):
 PSYoungGen      total 75776K, used 9377K [0x000000076b580000, 0x0000000770a00000, 0x00000007c0000000)
  eden space 65024K, 0% used [0x000000076b580000,0x000000076b580000,0x000000076f500000)
  from space 10752K, 87% used [0x000000076f500000,0x000000076fe28630,0x000000076ff80000)
  to   space 10752K, 0% used [0x000000076ff80000,0x000000076ff80000,0x0000000770a00000)
 ParOldGen       total 173568K, used 16K [0x00000006c2000000, 0x00000006cc980000, 0x000000076b580000)
  object space 173568K, 0% used [0x00000006c2000000,0x00000006c2004000,0x00000006cc980000)
 Metaspace       used 11347K, capacity 11622K, committed 11776K, reserved 1058816K
  class space    used 1423K, capacity 1511K, committed 1536K, reserved 1048576K
}

Deoptimization events (10 events):
Event: 3.325 Thread 0x0000000002498000 Uncommon trap: reason=class_check action=maybe_recompile pc=0x0000000002dcff14 method=java.util.concurrent.ConcurrentHashMap.putVal(Ljava/lang/Object;Ljava/lang/Object;Z)Ljava/lang/Object; @ 192
Event: 3.354 Thread 0x0000000002498000 Uncommon trap: reason=class_check action=maybe_recompile pc=0x0000000002b5a150 method=java.nio.charset.CharsetDecoder.decode(Ljava/nio/ByteBuffer;Ljava/nio/CharBuffer;Z)Ljava/nio/charset/CoderResult; @ 57
Event: 3.355 Thread 0x0000000002498000 Uncommon trap: reason=class_check action=maybe_recompile pc=0x0000000002b5a150 method=java.nio.charset.CharsetDecoder.decode(Ljava/nio/ByteBuffer;Ljava/nio/CharBuffer;Z)Ljava/nio/charset/CoderResult; @ 57
Event: 3.356 Thread 0x0000000002498000 Uncommon trap: reason=class_check action=maybe_recompile pc=0x0000000002b5a150 method=java.nio.charset.CharsetDecoder.decode(Ljava/nio/ByteBuffer;Ljava/nio/CharBuffer;Z)Ljava/nio/charset/CoderResult; @ 57
Event: 3.356 Thread 0x0000000002498000 Uncommon trap: reason=class_check action=maybe_recompile pc=0x0000000002b5a150 method=java.nio.charset.CharsetDecoder.decode(Ljava/nio/ByteBuffer;Ljava/nio/CharBuffer;Z)Ljava/nio/charset/CoderResult; @ 57
Event: 3.522 Thread 0x0000000002498000 Uncommon trap: reason=unstable_if action=reinterpret pc=0x0000000002b9cdd0 method=sun.nio.cs.UTF_8$Decoder.decode([BII[C)I @ 30
Event: 3.563 Thread 0x0000000002498000 Uncommon trap: reason=bimorphic action=maybe_recompile pc=0x0000000002beb420 method=java.util.HashMap.putVal(ILjava/lang/Object;Ljava/lang/Object;ZZ)Ljava/lang/Object; @ 203
Event: 3.599 Thread 0x0000000002498000 Uncommon trap: reason=bimorphic action=maybe_recompile pc=0x0000000002beb420 method=java.util.HashMap.putVal(ILjava/lang/Object;Ljava/lang/Object;ZZ)Ljava/lang/Object; @ 203
Event: 3.600 Thread 0x0000000002498000 Uncommon trap: reason=bimorphic action=maybe_recompile pc=0x0000000002beb420 method=java.util.HashMap.putVal(ILjava/lang/Object;Ljava/lang/Object;ZZ)Ljava/lang/Object; @ 203
Event: 3.600 Thread 0x0000000002498000 Uncommon trap: reason=bimorphic action=maybe_recompile pc=0x0000000002beb420 method=java.util.HashMap.putVal(ILjava/lang/Object;Ljava/lang/Object;ZZ)Ljava/lang/Object; @ 203

Internal exceptions (10 events):
Event: 0.800 Thread 0x0000000002498000 Exception <a 'java/lang/ArrayIndexOutOfBoundsException'> (0x000000076cc2dbe0) thrown at [D:\re\workspace\8-2-build-windows-amd64-cygwin\jdk8u92\6642\hotspot\src\share\vm\runtime\sharedRuntime.cpp, line 605]
Event: 0.800 Thread 0x0000000002498000 Exception <a 'java/lang/ArrayIndexOutOfBoundsException'> (0x000000076cc2f138) thrown at [D:\re\workspace\8-2-build-windows-amd64-cygwin\jdk8u92\6642\hotspot\src\share\vm\runtime\sharedRuntime.cpp, line 605]
Event: 0.801 Thread 0x0000000002498000 Exception <a 'java/lang/ArrayIndexOutOfBoundsException': 111> (0x000000076cc309b8) thrown at [D:\re\workspace\8-2-build-windows-amd64-cygwin\jdk8u92\6642\hotspot\src\share\vm\interpreter\interpreterRuntime.cpp, line 366]
Event: 1.011 Thread 0x0000000002498000 Exception <a 'java/lang/ArrayIndexOutOfBoundsException': 73> (0x000000076d8857e0) thrown at [D:\re\workspace\8-2-build-windows-amd64-cygwin\jdk8u92\6642\hotspot\src\share\vm\interpreter\interpreterRuntime.cpp, line 366]
Event: 1.011 Thread 0x0000000002498000 Exception <a 'java/lang/ArrayIndexOutOfBoundsException': 131> (0x000000076d887188) thrown at [D:\re\workspace\8-2-build-windows-amd64-cygwin\jdk8u92\6642\hotspot\src\share\vm\interpreter\interpreterRuntime.cpp, line 366]
Event: 2.071 Thread 0x0000000002498000 Exception <a 'java/lang/NoClassDefFoundError': com/google/inject/servlet/ServletModuleTargetVisitor> (0x000000076c025f78) thrown at [D:\re\workspace\8-2-build-windows-amd64-cygwin\jdk8u92\6642\hotspot\src\share\vm\classfile\systemDictionary.cpp, line 199]
Event: 2.072 Thread 0x0000000002498000 Exception <a 'java/lang/NoClassDefFoundError'> (0x000000076c025f78) thrown at [D:\re\workspace\8-2-build-windows-amd64-cygwin\jdk8u92\6642\hotspot\src\share\vm\prims\jvm.cpp, line 1390]
Event: 2.072 Thread 0x0000000002498000 Exception <a 'java/lang/NoClassDefFoundError': javax/annotation/Priority> (0x000000076c02ab00) thrown at [D:\re\workspace\8-2-build-windows-amd64-cygwin\jdk8u92\6642\hotspot\src\share\vm\classfile\systemDictionary.cpp, line 199]
Event: 2.377 Thread 0x0000000002498000 Implicit null exception at 0x0000000002aa0a1b to 0x0000000002aa0c05
Event: 3.148 Thread 0x0000000002498000 Implicit null exception at 0x0000000002b71d95 to 0x0000000002b71f99

Events (10 events):
Event: 3.659 Thread 0x0000000002498000 DEOPT PACKING pc=0x0000000002de2d4b sp=0x00000000028bc2f0
Event: 3.659 Thread 0x0000000002498000 DEOPT UNPACKING pc=0x000000000290787f sp=0x00000000028bc0f0 mode 0
Event: 3.677 Thread 0x0000000002498000 DEOPT PACKING pc=0x0000000002de2d4b sp=0x00000000028bc650
Event: 3.677 Thread 0x0000000002498000 DEOPT UNPACKING pc=0x000000000290787f sp=0x00000000028bc450 mode 0
Event: 3.690 Thread 0x0000000002498000 DEOPT PACKING pc=0x0000000002de2d4b sp=0x00000000028bc340
Event: 3.690 Thread 0x0000000002498000 DEOPT UNPACKING pc=0x000000000290787f sp=0x00000000028bc140 mode 0
Event: 3.702 Thread 0x0000000002498000 DEOPT PACKING pc=0x0000000002de2d4b sp=0x00000000028bc1d0
Event: 3.702 Thread 0x0000000002498000 DEOPT UNPACKING pc=0x000000000290787f sp=0x00000000028bbfd0 mode 0
Event: 3.710 Thread 0x0000000002498000 DEOPT PACKING pc=0x0000000002de2d4b sp=0x00000000028bc340
Event: 3.711 Thread 0x0000000002498000 DEOPT UNPACKING pc=0x000000000290787f sp=0x00000000028bc140 mode 0


Dynamic libraries:
0x000000013f860000 - 0x000000013f897000 	C:\Program Files\Java\jdk1.8.0_92\bin\java.exe
0x0000000076cb0000 - 0x0000000076e5a000 	C:\Windows\SYSTEM32\ntdll.dll
0x0000000076a90000 - 0x0000000076baf000 	C:\Windows\system32\kernel32.dll
0x000007fefccb0000 - 0x000007fefcd1a000 	C:\Windows\system32\KERNELBASE.dll
0x000007fefde60000 - 0x000007fefdf3b000 	C:\Windows\system32\ADVAPI32.dll
0x000007fefcfd0000 - 0x000007fefd06f000 	C:\Windows\system32\msvcrt.dll
0x000007fefd080000 - 0x000007fefd09f000 	C:\Windows\SYSTEM32\sechost.dll
0x000007fefdf80000 - 0x000007fefe0ad000 	C:\Windows\system32\RPCRT4.dll
0x0000000076bb0000 - 0x0000000076caa000 	C:\Windows\system32\USER32.dll
0x000007fefd8d0000 - 0x000007fefd937000 	C:\Windows\system32\GDI32.dll
0x000007fefd070000 - 0x000007fefd07e000 	C:\Windows\system32\LPK.dll
0x000007fefd620000 - 0x000007fefd6eb000 	C:\Windows\system32\USP10.dll
0x000007fefb6a0000 - 0x000007fefb894000 	C:\Windows\WinSxS\amd64_microsoft.windows.common-controls_6595b64144ccf1df_6.0.7601.17514_none_fa396087175ac9ac\COMCTL32.dll
0x000007fefdde0000 - 0x000007fefde51000 	C:\Windows\system32\SHLWAPI.dll
0x000007fefdf50000 - 0x000007fefdf7e000 	C:\Windows\system32\IMM32.DLL
0x000007fefd990000 - 0x000007fefda99000 	C:\Windows\system32\MSCTF.dll
0x0000000055d30000 - 0x0000000055e02000 	C:\Program Files\Java\jdk1.8.0_92\jre\bin\msvcr100.dll
0x0000000052b10000 - 0x00000000533a6000 	C:\Program Files\Java\jdk1.8.0_92\jre\bin\server\jvm.dll
0x000007fefb3a0000 - 0x000007fefb3a9000 	C:\Windows\system32\WSOCK32.dll
0x000007fefd940000 - 0x000007fefd98d000 	C:\Windows\system32\WS2_32.dll
0x000007fefdf40000 - 0x000007fefdf48000 	C:\Windows\system32\NSI.dll
0x000007fefa9b0000 - 0x000007fefa9eb000 	C:\Windows\system32\WINMM.dll
0x000007fefbd30000 - 0x000007fefbd3c000 	C:\Windows\system32\VERSION.dll
0x0000000076e80000 - 0x0000000076e87000 	C:\Windows\system32\PSAPI.DLL
0x0000000059700000 - 0x000000005970f000 	C:\Program Files\Java\jdk1.8.0_92\jre\bin\verify.dll
0x00000000596d0000 - 0x00000000596f9000 	C:\Program Files\Java\jdk1.8.0_92\jre\bin\java.dll
0x0000000069490000 - 0x00000000694b3000 	C:\Program Files\Java\jdk1.8.0_92\jre\bin\instrument.dll
0x0000000059110000 - 0x0000000059126000 	C:\Program Files\Java\jdk1.8.0_92\jre\bin\zip.dll
0x000007fefe1b0000 - 0x000007fefef3b000 	C:\Windows\system32\SHELL32.dll
0x000007fefd410000 - 0x000007fefd613000 	C:\Windows\system32\ole32.dll
0x000007fefcc00000 - 0x000007fefcc0f000 	C:\Windows\system32\profapi.dll
0x000007fef5d90000 - 0x000007fef5daa000 	D:\IntelliJ IDEA2017.1\bin\breakgen64.dll
0x0000000058b90000 - 0x0000000058baa000 	C:\Program Files\Java\jdk1.8.0_92\jre\bin\net.dll
0x000007fefc400000 - 0x000007fefc455000 	C:\Windows\system32\mswsock.dll
0x000007fefc3f0000 - 0x000007fefc3f7000 	C:\Windows\System32\wship6.dll
0x0000000058b70000 - 0x0000000058b81000 	C:\Program Files\Java\jdk1.8.0_92\jre\bin\nio.dll

VM Arguments:
jvm_args: -Dmaven.multiModuleProjectDirectory=E:\javaweb\roncoo-pay-dubbo\roncoo-pay-service-message-api -Dmaven.home=D:\IntelliJ IDEA2017.1\plugins\maven\lib\maven3 -Dclassworlds.conf=D:\IntelliJ IDEA2017.1\plugins\maven\lib\maven3\bin\m2.conf -javaagent:D:\IntelliJ IDEA2017.1\lib\idea_rt.jar=50235:D:\IntelliJ IDEA2017.1\bin -Dfile.encoding=UTF-8 
java_command: org.codehaus.classworlds.Launcher -Didea.version=2017.1 install
java_class_path (initial): D:\IntelliJ IDEA2017.1\plugins\maven\lib\maven3\boot\plexus-classworlds-2.5.2.jar;D:\IntelliJ IDEA2017.1\lib\idea_rt.jar
Launcher Type: SUN_STANDARD

Environment Variables:
JAVA_HOME=C:\Program Files\Java\jdk1.8.0_92
CLASSPATH=.;C:\Program Files\Java\jdk1.8.0_92\lib\dt.jar;C:\Program Files\Java\jdk1.8.0_92\lib\tools.jar;
PATH=C:\ProgramData\Oracle\Java\javapath;C:\Windows\system32;C:\Windows;C:\Windows\System32\Wbem;C:\Windows\System32\WindowsPowerShell\v1.0\;C:\Program Files (x86)\Intel\OpenCL SDK\2.0\bin\x86;C:\Program Files (x86)\Intel\OpenCL SDK\2.0\bin\x64;D:\TortoiseGit\bin;D:\nodejs\;C:\Program Files\Java\jdk1.8.0_92\bin;D:\mysql-5.7\bin;D:\hadoop-2.6.1\bin;D:\Python36\Scripts\django-admin.exe;D:\Python36\Scripts\;D:\Python36\;C:\Users\chen\AppData\Roaming\npm
USERNAME=chen
OS=Windows_NT
PROCESSOR_IDENTIFIER=Intel64 Family 6 Model 42 Stepping 7, GenuineIntel



---------------  S Y S T E M  ---------------

OS: Windows 7 , 64 bit Build 7601 (6.1.7601.23807)

CPU:total 4 (2 cores per cpu, 2 threads per core) family 6 model 42 stepping 7, cmov, cx8, fxsr, mmx, sse, sse2, sse3, ssse3, sse4.1, sse4.2, popcnt, avx, aes, clmul, ht, tsc, tscinvbit

Memory: 4k page, physical 16640876k(4635096k free), swap 17687592k(6204k free)

vm_info: Java HotSpot(TM) 64-Bit Server VM (25.92-b14) for windows-amd64 JRE (1.8.0_92-b14), built on Mar 31 2016 21:03:04 by "java_re" with MS VC++ 10.0 (VS2010)

time: Sun Oct 08 16:14:57 2017
elapsed time: 3 seconds (0d 0h 0m 3s)

